missing descriptions: 50
[retry] 1/50 芯片外贸销售经理-海外市场 - 华诺星
  attempt 1: ok
[retry] 2/50 芯片销售 - 深圳市柔忆科技
  attempt 1: ok
[retry] 3/50 芯片销售合伙人 - 益中天科技
  attempt 1: ok
[retry] 4/50 市场销售（芯片双休） - 嘉伟亿
  attempt 1: ok
[retry] 5/50 芯片销售-双休（深圳） - 深圳科冉科技
  attempt 1: ok
[retry] 6/50 芯片技术销售工程师-消费AA - 芯洲科技
  attempt 1: ok
[retry] 7/50 BLDC驱动芯片销售工程师 - 欣诚科技
  attempt 1: ok
[retry] 8/50 芯片销售/终端销售（存储芯片） - 创天微电子
  attempt 1: ok
[retry] 9/50 销售工程师（电源芯片方向，无学历要求） - 某大型半导体公司
  attempt 1: ok
[retry] 10/50 芯片销售 - 乙成科技有限公司
  attempt 1: ok
[retry] 11/50 芯片市场销售（现货为主+期货） - 深圳匯众鼎泰
  attempt 1: ok
[retry] 12/50 芯片销售经理 - 威宏盛电子
  attempt 1: ok
[retry] 13/50 芯片销售（功率器件）业务员 - 盛威尔科技
  attempt 1: ok
[retry] 14/50 存储芯片 模组 服务器配件 采购/销售经理 - 深圳华讯云航科技
  attempt 1: ok
[retry] 15/50 芯片外贸销售 龙岗 双休 - 得朋电子
  attempt 1: ok
[retry] 16/50 资深芯片销售工程师 - 智弘电子科技
  attempt 1: ok
[retry] 17/50 资深DC/DC电源芯片销售工程师 - 深圳市联本科技
  attempt 1: ok
[retry] 18/50 布吉芯片销售工程师 - 金力大电子
  attempt 1: ok
[retry] 19/50 终端销售经理（半导体/芯片） - 微电晶
  attempt 1: ok
[retry] 20/50 芯片销售 - 南京霍格微电子科技
  attempt 1: ok
[retry] 21/50 芯片 外贸业务 - 深圳开明创研科技
  attempt 1: ok
[retry] 22/50 芯片销售（To B /激光雷达） - 阜时
  attempt 1: ok
[retry] 23/50 芯片销售工程师 - 深圳珈港电子科技
  attempt 1: ok
[retry] 24/50 芯片销售工程师+五险一金+高提成 - 英美华科技
  attempt 1: ok
[retry] 25/50 芯片销售经理（深圳） - 宇晔科技
  attempt 1: ok
[retry] 26/50 芯片销售工程师 - 海文思科技
  attempt 1: ok
[retry] 27/50 IC芯片销售 - 英特智汇
  attempt 1: ok
[retry] 28/50 IC芯片外贸销售(双休+高底薪+高提成) - 小雄科技
  attempt 1: ok
[retry] 29/50 芯片销售工程师（双休，TOB销售小白培养） - 深圳奇普尼克电子
  attempt 1: ok
[retry] 30/50 ic芯片销售 - 薪火未来
  attempt 1: ok
[retry] 31/50 电子元器件销售 - 正兴电子
  attempt 1: ok
[retry] 32/50 电子元器件/芯片销售 - 深圳中科微电半导...
  attempt 1: ok
[retry] 33/50 芯片传感器销售 - 深国安
  attempt 1: ok
[retry] 34/50 芯片销售 - 深圳市千喜电子实业
  attempt 1: ok
[retry] 35/50 IC芯片销售工程师 - 远乐
  attempt 1: ok
[retry] 36/50 芯片现货销售 - 尚品芯城
  attempt 1: ok
[retry] 37/50 IC终端销售代表 - 恒高科技
  attempt 1: ok
[retry] 38/50 芯片销售 - 深圳市百域芯科技
  attempt 1: ok
[retry] 39/50 芯片销售 - 深圳宏能电子有限公司
  attempt 1: ok
[retry] 40/50 芯片销售工程师 - 昂宇电子
  attempt 1: ok
[retry] 41/50 电源芯片销售工程师AC-DC、DC-DC、PD协议） - 英诺芯
  attempt 1: ok
[retry] 42/50 芯片销售工程师 - 威晟达
  attempt 1: ok
[retry] 43/50 芯片销售工程师 - 霆宝科技
  attempt 1: ok
[retry] 44/50 芯片销售（贸易商） - 昂捷电子
  attempt 1: ok
[retry] 45/50 蓝牙方案销售专员 - 富友昌
  attempt 1: ok
[retry] 46/50 销售专员（可接受应届生，双休） - 芯科华高
  attempt 1: ok
[retry] 47/50 芯片采购 - 深圳宏芯展电子
  attempt 1: ok
[retry] 48/50 芯片行业外贸经理+年薪30W+ - 赛米康电子
  attempt 1: ok
[retry] 49/50 芯片销售 - 上海赛昉半导体科技
  attempt 1: ok
[retry] 50/50 芯片销售工程师 - 优存
  attempt 1: ok
done. desc_nonempty=270/270
